<?xml version="1.0" encoding="UTF-8"?>
<!-- Generated by org.testng.reporters.JUnitReportReporter -->
<testsuite hostname="lapcom" failures="0" tests="4" name="com.calc.test.TestCalac" time="0.013" errors="0" timestamp="2021-09-07T01:06:48 GMT+02:00" skipped="0">
  <testcase classname="com.calc.test.TestCalac" name="test_div" time="0.002"/>
  <system-out/>
  <testcase classname="com.calc.test.TestCalac" name="test_add" time="0.009"/>
  <system-out/>
  <testcase classname="com.calc.test.TestCalac" name="test_sub" time="0.001"/>
  <system-out/>
  <testcase classname="com.calc.test.TestCalac" name="test_mul" time="0.001"/>
  <system-out/>
</testsuite> <!-- com.calc.test.TestCalac -->
