<?xml version="1.0" encoding="UTF-8"?>
<!-- Generated by org.testng.reporters.JUnitReportReporter -->
<testsuite hostname="lapcom" failures="0" tests="1" name="com.google.seleinum.test.NewTest" time="0.012" errors="0" timestamp="2021-09-06T21:38:51 GMT+02:00" skipped="0">
  <testcase classname="com.google.seleinum.test.NewTest" name="f" time="0.012"/>
  <system-out/>
</testsuite> <!-- com.google.seleinum.test.NewTest -->
